<?xml version="1.0" encoding="UTF-8"?>
<testsuite xmlns:xsi="http://www.w3.org/2001/XMLSchema-instance" xsi:noNamespaceSchemaLocation="https://maven.apache.org/surefire/maven-surefire-plugin/xsd/surefire-test-report.xsd" name="TestSuite" time="78.563" tests="4" errors="0" skipped="0" failures="0">
  <properties>
[...]
</properties>
  <testcase name="verifyLoginWithInvaliData" classname="com.ui.tests.ErrorValidationsTest" time="1.702"/>
  <testcase name="submitOrder" classname="com.ui.tests.LoginTest" time="15.807"/>
  <testcase name="submitOrder" classname="com.ui.tests.LoginTest" time="15.817"/>
  <testcase name="verifyorderHistory" classname="com.ui.tests.LoginTest" time="1.557"/>
</testsuite>