<?xml version="1.0" encoding="UTF-8"?>
<testng-results ignored="0" total="4" passed="4" failed="0" skipped="0">
  <reporter-output>
  </reporter-output>
  <suite started-at="2024-12-17T00:55:16 IST" name="Suite" finished-at="2024-12-17T00:56:33 IST" duration-ms="76961">
    <groups>
    </groups>
    <test started-at="2024-12-17T00:55:16 IST" name="errorValidationsTest" finished-at="2024-12-17T00:55:35 IST" duration-ms="18211">
      <class name="com.ui.tests.ErrorValidationsTest">
        <test-method is-config="true" signature="launchApplication()[pri:0, instance:com.ui.tests.ErrorValidationsTest@15aab8c6]" started-at="2024-12-17T00:55:16 IST" name="launchApplication" finished-at="2024-12-17T00:55:32 IST" duration-ms="15926" status="PASS">
          <reporter-output>
          </reporter-output>
        </test-method> <!-- launchApplication -->
        <test-method signature="verifyLoginWithInvaliData()[pri:0, instance:com.ui.tests.ErrorValidationsTest@15aab8c6]" started-at="2024-12-17T00:55:32 IST" name="verifyLoginWithInvaliData" finished-at="2024-12-17T00:55:34 IST" duration-ms="1703" status="PASS">
          <reporter-output>
          </reporter-output>
        </test-method> <!-- verifyLoginWithInvaliData -->
        <test-method is-config="true" signature="tearDown()[pri:0, instance:com.ui.tests.ErrorValidationsTest@15aab8c6]" started-at="2024-12-17T00:55:34 IST" name="tearDown" finished-at="2024-12-17T00:55:35 IST" duration-ms="499" status="PASS">
          <reporter-output>
          </reporter-output>
        </test-method> <!-- tearDown -->
      </class> <!-- com.ui.tests.ErrorValidationsTest -->
    </test> <!-- errorValidationsTest -->
    <test started-at="2024-12-17T00:55:35 IST" name="LoginTest" finished-at="2024-12-17T00:56:33 IST" duration-ms="57928">
      <class name="com.ui.tests.LoginTest">
        <test-method is-config="true" signature="launchApplication()[pri:0, instance:com.ui.tests.LoginTest@3bf9ce3e]" started-at="2024-12-17T00:55:36 IST" name="launchApplication" finished-at="2024-12-17T00:55:42 IST" duration-ms="6015" status="PASS">
          <reporter-output>
          </reporter-output>
        </test-method> <!-- launchApplication -->
        <test-method signature="submitOrder(java.util.HashMap)[pri:0, instance:com.ui.tests.LoginTest@3bf9ce3e]" started-at="2024-12-17T00:55:42 IST" name="submitOrder" data-provider="submitorderData" finished-at="2024-12-17T00:55:58 IST" duration-ms="15806" status="PASS">
          <params>
            <param index="0">
              <value>
                <![CDATA[{password=98@Sudarshan98, product=ADIDAS ORIGINAL, email=sudarshankillekar1998@gmail.com}]]>
              </value>
            </param>
          </params>
          <reporter-output>
          </reporter-output>
        </test-method> <!-- submitOrder -->
        <test-method is-config="true" signature="tearDown()[pri:0, instance:com.ui.tests.LoginTest@3bf9ce3e]" started-at="2024-12-17T00:55:58 IST" name="tearDown" finished-at="2024-12-17T00:55:58 IST" duration-ms="305" status="PASS">
          <reporter-output>
          </reporter-output>
        </test-method> <!-- tearDown -->
        <test-method is-config="true" signature="launchApplication()[pri:0, instance:com.ui.tests.LoginTest@3bf9ce3e]" started-at="2024-12-17T00:55:58 IST" name="launchApplication" finished-at="2024-12-17T00:56:05 IST" duration-ms="7203" status="PASS">
          <reporter-output>
          </reporter-output>
        </test-method> <!-- launchApplication -->
        <test-method signature="submitOrder(java.util.HashMap)[pri:0, instance:com.ui.tests.LoginTest@3bf9ce3e]" started-at="2024-12-17T00:56:05 IST" name="submitOrder" data-provider="submitorderData" finished-at="2024-12-17T00:56:21 IST" duration-ms="15817" status="PASS">
          <params>
            <param index="0">
              <value>
                <![CDATA[{password=Test12345@, product=ZARA COAT 3, email=sindhu1994@gmail.com}]]>
              </value>
            </param>
          </params>
          <reporter-output>
          </reporter-output>
        </test-method> <!-- submitOrder -->
        <test-method is-config="true" signature="tearDown()[pri:0, instance:com.ui.tests.LoginTest@3bf9ce3e]" started-at="2024-12-17T00:56:21 IST" name="tearDown" finished-at="2024-12-17T00:56:21 IST" duration-ms="288" status="PASS">
          <reporter-output>
          </reporter-output>
        </test-method> <!-- tearDown -->
        <test-method is-config="true" signature="launchApplication()[pri:0, instance:com.ui.tests.LoginTest@3bf9ce3e]" started-at="2024-12-17T00:56:21 IST" name="launchApplication" finished-at="2024-12-17T00:56:31 IST" duration-ms="9919" status="PASS">
          <reporter-output>
          </reporter-output>
        </test-method> <!-- launchApplication -->
        <test-method signature="verifyorderHistory()[pri:0, instance:com.ui.tests.LoginTest@3bf9ce3e]" started-at="2024-12-17T00:56:31 IST" name="verifyorderHistory" finished-at="2024-12-17T00:56:33 IST" depends-on-methods="com.ui.tests.LoginTest.submitOrder" duration-ms="1557" status="PASS">
          <reporter-output>
          </reporter-output>
        </test-method> <!-- verifyorderHistory -->
        <test-method is-config="true" signature="tearDown()[pri:0, instance:com.ui.tests.LoginTest@3bf9ce3e]" started-at="2024-12-17T00:56:33 IST" name="tearDown" finished-at="2024-12-17T00:56:33 IST" duration-ms="381" status="PASS">
          <reporter-output>
          </reporter-output>
        </test-method> <!-- tearDown -->
      </class> <!-- com.ui.tests.LoginTest -->
    </test> <!-- LoginTest -->
  </suite> <!-- Suite -->
</testng-results>
